<?xml version="1.0" encoding="UTF-8"?>
<!-- Generated by org.testng.reporters.JUnitXMLReporter -->
<testsuite ignored="2" hostname="TYC1121225" failures="0" tests="2" name="Test" time="0.119" errors="0" timestamp="2022-10-20T15:07:59 IST">
  <testcase classname="com.timeTracking.actitme.Automation.moduleName.ClassA" name="demo1" time="0.016"/>
  <testcase classname="com.timeTracking.actitme.Automation.moduleName.ClassB" name="demo2" time="0.003"/>
  <testcase classname="com.timeTracking.actitme.Automation.genericUtitlty.BaseClass" name="@BeforeSuite bsConfig" time="0.0">
    <ignored/>
  </testcase> <!-- @BeforeSuite bsConfig -->
  <testcase classname="com.timeTracking.actitme.Automation.genericUtitlty.BaseClass" name="@AfterSuite asConfig" time="0.0">
    <ignored/>
  </testcase> <!-- @AfterSuite asConfig -->
</testsuite> <!-- Test -->
