<?xml version="1.0" encoding="UTF-8"?>
<!-- Generated by org.testng.reporters.JUnitXMLReporter -->
<testsuite ignored="1" hostname="TYC1121225" failures="0" tests="1" name="Default test" time="0.079" errors="0" timestamp="2022-10-20T15:05:58 IST">
  <testcase classname="com.timeTracking.actitme.Automation.moduleName.ClassA" name="demo1" time="0.009"/>
  <testcase classname="com.timeTracking.actitme.Automation.moduleName.ClassA" name="demo2" time="0.0">
    <ignored/>
  </testcase> <!-- demo2 -->
</testsuite> <!-- Default test -->
